<?xml version="1.0"?>
<!DOCTYPE coverage SYSTEM "http://cobertura.sourceforge.net/xml/coverage-04.dtd">

<coverage line-rate="0.9" branch-rate="0.9166666666666666" lines-covered="63" lines-valid="70" branches-covered="11" branches-valid="12" complexity="1.6" version="null" timestamp="1390488228940">
	<sources>
		<source>src</source>
	</sources>
	<packages>
		<package name="main" line-rate="0.0" branch-rate="1.0" complexity="2.0">
			<classes>
				<class name="main.ExpressionEvaluator" filename="main/ExpressionEvaluator.java" line-rate="0.0" branch-rate="1.0" complexity="2.0">
					<methods>
						<method name="&lt;init&gt;" signature="()V" line-rate="0.0" branch-rate="1.0">
							<lines>
								<line number="7" hits="0" branch="false"/>
							</lines>
						</method>
						<method name="main" signature="([Ljava/lang/String;)V" line-rate="0.0" branch-rate="1.0">
							<lines>
								<line number="9" hits="0" branch="false"/>
								<line number="11" hits="0" branch="false"/>
								<line number="12" hits="0" branch="false"/>
								<line number="13" hits="0" branch="false"/>
								<line number="14" hits="0" branch="false"/>
								<line number="15" hits="0" branch="false"/>
							</lines>
						</method>
					</methods>
					<lines>
						<line number="7" hits="0" branch="false"/>
						<line number="9" hits="0" branch="false"/>
						<line number="11" hits="0" branch="false"/>
						<line number="12" hits="0" branch="false"/>
						<line number="13" hits="0" branch="false"/>
						<line number="14" hits="0" branch="false"/>
						<line number="15" hits="0" branch="false"/>
					</lines>
				</class>
			</classes>
		</package>
		<package name="sourceLib" line-rate="1.0" branch-rate="0.9166666666666666" complexity="1.5714285714285714">
			<classes>
				<class name="sourceLib.Evaluator" filename="sourceLib/Evaluator.java" line-rate="1.0" branch-rate="0.9166666666666666" complexity="2.142857142857143">
					<methods>
						<method name="&lt;init&gt;" signature="(Ljava/lang/String;)V" line-rate="1.0" branch-rate="1.0">
							<lines>
								<line number="11" hits="12" branch="false"/>
								<line number="12" hits="12" branch="false"/>
								<line number="13" hits="12" branch="false"/>
							</lines>
						</method>
						<method name="ResultForBigExpression" signature="(Ljava/util/List;Ljava/util/List;LsourceLib/Operation;)D" line-rate="1.0" branch-rate="1.0">
							<lines>
								<line number="21" hits="16" branch="false"/>
								<line number="22" hits="21" branch="true" condition-coverage="100% (2/2)">
									<conditions>
										<condition number="0" type="jump" coverage="100%"/>
									</conditions>
								</line>
								<line number="23" hits="5" branch="false"/>
								<line number="25" hits="16" branch="false"/>
							</lines>
						</method>
						<method name="brackets" signature="(Ljava/lang/String;)Ljava/lang/String;" line-rate="1.0" branch-rate="0.8333333333333334">
							<lines>
								<line number="41" hits="5" branch="false"/>
								<line number="42" hits="5" branch="false"/>
								<line number="43" hits="5" branch="false"/>
								<line number="44" hits="88" branch="true" condition-coverage="50% (1/2)">
									<conditions>
										<condition number="0" type="jump" coverage="50%"/>
									</conditions>
								</line>
								<line number="45" hits="88" branch="true" condition-coverage="100% (2/2)">
									<conditions>
										<condition number="0" type="jump" coverage="100%"/>
									</conditions>
								</line>
								<line number="46" hits="6" branch="false"/>
								<line number="48" hits="88" branch="true" condition-coverage="100% (2/2)">
									<conditions>
										<condition number="0" type="jump" coverage="100%"/>
									</conditions>
								</line>
								<line number="49" hits="5" branch="false"/>
								<line number="50" hits="5" branch="false"/>
								<line number="53" hits="5" branch="false"/>
								<line number="54" hits="5" branch="false"/>
								<line number="55" hits="5" branch="false"/>
								<line number="56" hits="5" branch="false"/>
							</lines>
						</method>
						<method name="getExpression" signature="()Ljava/lang/String;" line-rate="1.0" branch-rate="1.0">
							<lines>
								<line number="16" hits="1" branch="false"/>
							</lines>
						</method>
						<method name="getOperandsAndOperators" signature="([Ljava/lang/String;Ljava/util/List;)Ljava/util/List;" line-rate="1.0" branch-rate="1.0">
							<lines>
								<line number="29" hits="16" branch="false"/>
								<line number="30" hits="74" branch="true" condition-coverage="100% (2/2)">
									<conditions>
										<condition number="0" type="jump" coverage="100%"/>
									</conditions>
								</line>
								<line number="32" hits="58" branch="false"/>
								<line number="33" hits="21" branch="false"/>
								<line number="34" hits="21" branch="false"/>
								<line number="35" hits="37" branch="false"/>
								<line number="37" hits="16" branch="false"/>
							</lines>
						</method>
						<method name="getResult" signature="()D" line-rate="1.0" branch-rate="1.0">
							<lines>
								<line number="60" hits="11" branch="false"/>
							</lines>
						</method>
						<method name="getResult" signature="(Ljava/lang/String;)D" line-rate="1.0" branch-rate="1.0">
							<lines>
								<line number="64" hits="21" branch="false"/>
								<line number="66" hits="21" branch="false"/>
								<line number="67" hits="21" branch="false"/>
								<line number="68" hits="21" branch="true" condition-coverage="100% (2/2)">
									<conditions>
										<condition number="0" type="jump" coverage="100%"/>
									</conditions>
								</line>
								<line number="69" hits="5" branch="false"/>
								<line number="70" hits="5" branch="false"/>
								<line number="72" hits="16" branch="false"/>
								<line number="73" hits="16" branch="false"/>
								<line number="74" hits="16" branch="false"/>
								<line number="75" hits="16" branch="false"/>
							</lines>
						</method>
					</methods>
					<lines>
						<line number="11" hits="12" branch="false"/>
						<line number="12" hits="12" branch="false"/>
						<line number="13" hits="12" branch="false"/>
						<line number="16" hits="1" branch="false"/>
						<line number="21" hits="16" branch="false"/>
						<line number="22" hits="21" branch="true" condition-coverage="100% (2/2)">
							<conditions>
								<condition number="0" type="jump" coverage="100%"/>
							</conditions>
						</line>
						<line number="23" hits="5" branch="false"/>
						<line number="25" hits="16" branch="false"/>
						<line number="29" hits="16" branch="false"/>
						<line number="30" hits="74" branch="true" condition-coverage="100% (2/2)">
							<conditions>
								<condition number="0" type="jump" coverage="100%"/>
							</conditions>
						</line>
						<line number="32" hits="58" branch="false"/>
						<line number="33" hits="21" branch="false"/>
						<line number="34" hits="21" branch="false"/>
						<line number="35" hits="37" branch="false"/>
						<line number="37" hits="16" branch="false"/>
						<line number="41" hits="5" branch="false"/>
						<line number="42" hits="5" branch="false"/>
						<line number="43" hits="5" branch="false"/>
						<line number="44" hits="88" branch="true" condition-coverage="50% (1/2)">
							<conditions>
								<condition number="0" type="jump" coverage="50%"/>
							</conditions>
						</line>
						<line number="45" hits="88" branch="true" condition-coverage="100% (2/2)">
							<conditions>
								<condition number="0" type="jump" coverage="100%"/>
							</conditions>
						</line>
						<line number="46" hits="6" branch="false"/>
						<line number="48" hits="88" branch="true" condition-coverage="100% (2/2)">
							<conditions>
								<condition number="0" type="jump" coverage="100%"/>
							</conditions>
						</line>
						<line number="49" hits="5" branch="false"/>
						<line number="50" hits="5" branch="false"/>
						<line number="53" hits="5" branch="false"/>
						<line number="54" hits="5" branch="false"/>
						<line number="55" hits="5" branch="false"/>
						<line number="56" hits="5" branch="false"/>
						<line number="60" hits="11" branch="false"/>
						<line number="64" hits="21" branch="false"/>
						<line number="66" hits="21" branch="false"/>
						<line number="67" hits="21" branch="false"/>
						<line number="68" hits="21" branch="true" condition-coverage="100% (2/2)">
							<conditions>
								<condition number="0" type="jump" coverage="100%"/>
							</conditions>
						</line>
						<line number="69" hits="5" branch="false"/>
						<line number="70" hits="5" branch="false"/>
						<line number="72" hits="16" branch="false"/>
						<line number="73" hits="16" branch="false"/>
						<line number="74" hits="16" branch="false"/>
						<line number="75" hits="16" branch="false"/>
					</lines>
				</class>
				<class name="sourceLib.Operation" filename="sourceLib/Operation.java" line-rate="1.0" branch-rate="1.0" complexity="1.0">
					<methods>
						<method name="&lt;init&gt;" signature="()V" line-rate="1.0" branch-rate="1.0">
							<lines>
								<line number="10" hits="33" branch="false"/>
							</lines>
						</method>
						<method name="calculateResult" signature="(Ljava/lang/String;DD)D" line-rate="1.0" branch-rate="1.0">
							<lines>
								<line number="14" hits="21" branch="false"/>
								<line number="16" hits="21" branch="false"/>
								<line number="22" hits="21" branch="false"/>
								<line number="28" hits="21" branch="false"/>
								<line number="34" hits="21" branch="false"/>
								<line number="40" hits="21" branch="false"/>
								<line number="46" hits="21" branch="false"/>
								<line number="47" hits="21" branch="false"/>
							</lines>
						</method>
					</methods>
					<lines>
						<line number="10" hits="33" branch="false"/>
						<line number="14" hits="21" branch="false"/>
						<line number="16" hits="21" branch="false"/>
						<line number="22" hits="21" branch="false"/>
						<line number="28" hits="21" branch="false"/>
						<line number="34" hits="21" branch="false"/>
						<line number="40" hits="21" branch="false"/>
						<line number="46" hits="21" branch="false"/>
						<line number="47" hits="21" branch="false"/>
					</lines>
				</class>
				<class name="sourceLib.Operation$1" filename="sourceLib/Operation.java" line-rate="1.0" branch-rate="1.0" complexity="1.0">
					<methods>
						<method name="&lt;init&gt;" signature="(LsourceLib/Operation;)V" line-rate="1.0" branch-rate="1.0">
							<lines>
								<line number="16" hits="21" branch="false"/>
							</lines>
						</method>
						<method name="operate" signature="(DD)V" line-rate="1.0" branch-rate="1.0">
							<lines>
								<line number="18" hits="14" branch="false"/>
								<line number="19" hits="14" branch="false"/>
							</lines>
						</method>
					</methods>
					<lines>
						<line number="16" hits="21" branch="false"/>
						<line number="18" hits="14" branch="false"/>
						<line number="19" hits="14" branch="false"/>
					</lines>
				</class>
				<class name="sourceLib.Operation$2" filename="sourceLib/Operation.java" line-rate="1.0" branch-rate="1.0" complexity="1.0">
					<methods>
						<method name="&lt;init&gt;" signature="(LsourceLib/Operation;)V" line-rate="1.0" branch-rate="1.0">
							<lines>
								<line number="22" hits="21" branch="false"/>
							</lines>
						</method>
						<method name="operate" signature="(DD)V" line-rate="1.0" branch-rate="1.0">
							<lines>
								<line number="24" hits="1" branch="false"/>
								<line number="25" hits="1" branch="false"/>
							</lines>
						</method>
					</methods>
					<lines>
						<line number="22" hits="21" branch="false"/>
						<line number="24" hits="1" branch="false"/>
						<line number="25" hits="1" branch="false"/>
					</lines>
				</class>
				<class name="sourceLib.Operation$3" filename="sourceLib/Operation.java" line-rate="1.0" branch-rate="1.0" complexity="1.0">
					<methods>
						<method name="&lt;init&gt;" signature="(LsourceLib/Operation;)V" line-rate="1.0" branch-rate="1.0">
							<lines>
								<line number="28" hits="21" branch="false"/>
							</lines>
						</method>
						<method name="operate" signature="(DD)V" line-rate="1.0" branch-rate="1.0">
							<lines>
								<line number="30" hits="4" branch="false"/>
								<line number="31" hits="4" branch="false"/>
							</lines>
						</method>
					</methods>
					<lines>
						<line number="28" hits="21" branch="false"/>
						<line number="30" hits="4" branch="false"/>
						<line number="31" hits="4" branch="false"/>
					</lines>
				</class>
				<class name="sourceLib.Operation$4" filename="sourceLib/Operation.java" line-rate="1.0" branch-rate="1.0" complexity="1.0">
					<methods>
						<method name="&lt;init&gt;" signature="(LsourceLib/Operation;)V" line-rate="1.0" branch-rate="1.0">
							<lines>
								<line number="34" hits="21" branch="false"/>
							</lines>
						</method>
						<method name="operate" signature="(DD)V" line-rate="1.0" branch-rate="1.0">
							<lines>
								<line number="36" hits="1" branch="false"/>
								<line number="37" hits="1" branch="false"/>
							</lines>
						</method>
					</methods>
					<lines>
						<line number="34" hits="21" branch="false"/>
						<line number="36" hits="1" branch="false"/>
						<line number="37" hits="1" branch="false"/>
					</lines>
				</class>
				<class name="sourceLib.Operation$5" filename="sourceLib/Operation.java" line-rate="1.0" branch-rate="1.0" complexity="1.0">
					<methods>
						<method name="&lt;init&gt;" signature="(LsourceLib/Operation;)V" line-rate="1.0" branch-rate="1.0">
							<lines>
								<line number="40" hits="21" branch="false"/>
							</lines>
						</method>
						<method name="operate" signature="(DD)V" line-rate="1.0" branch-rate="1.0">
							<lines>
								<line number="42" hits="1" branch="false"/>
								<line number="43" hits="1" branch="false"/>
							</lines>
						</method>
					</methods>
					<lines>
						<line number="40" hits="21" branch="false"/>
						<line number="42" hits="1" branch="false"/>
						<line number="43" hits="1" branch="false"/>
					</lines>
				</class>
				<class name="sourceLib.Operators" filename="sourceLib/Operation.java" line-rate="1.0" branch-rate="1.0" complexity="1.0">
					<methods>
					</methods>
					<lines>
					</lines>
				</class>
			</classes>
		</package>
	</packages>
</coverage>
